Flow report for NeuralNetworks
Sun Jun 05 21:36:29 2011
Quartus II Version 9.1 Build 350 03/24/2010 Service Pack 2 SJ Web Edition


---------------------
; Table of Contents ;
---------------------
  1. Legal Notice
  2. Flow Summary
  3. Flow Settings
  4. Flow Non-Default Global Settings
  5. Flow Elapsed Time
  6. Flow OS Summary
  7. Flow Log



----------------
; Legal Notice ;
----------------
Copyright (C) 1991-2010 Altera Corporation
Your use of Altera Corporation's design tools, logic functions 
and other software and tools, and its AMPP partner logic 
functions, and any output files from any of the foregoing 
(including device programming or simulation files), and any 
associated documentation or information are expressly subject 
to the terms and conditions of the Altera Program License 
Subscription Agreement, Altera MegaCore Function License 
Agreement, or other applicable license agreement, including, 
without limitation, that your use is for the sole purpose of 
programming logic devices manufactured by Altera and sold by 
Altera or its authorized distributors.  Please refer to the 
applicable agreement for further details.



+------------------------------------------------------------------------------+
; Flow Summary                                                                 ;
+-------------------------------+----------------------------------------------+
; Flow Status                   ; Successful - Sun Jun 05 21:35:28 2011        ;
; Quartus II Version            ; 9.1 Build 350 03/24/2010 SP 2 SJ Web Edition ;
; Revision Name                 ; NeuralNetworks                               ;
; Top-level Entity Name         ; ManyNeuralNetworks                           ;
; Family                        ; Stratix III                                  ;
; Device                        ; EP3SE50F780I4L                               ;
; Timing Models                 ; Final                                        ;
; Met timing requirements       ; N/A                                          ;
; Logic utilization             ; 78 %                                         ;
;     Combinational ALUTs       ; 20,463 / 38,000 ( 54 % )                     ;
;     Memory ALUTs              ; 0 / 19,000 ( 0 % )                           ;
;     Dedicated logic registers ; 5,551 / 38,000 ( 15 % )                      ;
; Total registers               ; 5551                                         ;
; Total pins                    ; 32 / 488 ( 7 % )                             ;
; Total virtual pins            ; 0                                            ;
; Total block memory bits       ; 0 / 5,455,872 ( 0 % )                        ;
; DSP block 18-bit elements     ; 120 / 384 ( 31 % )                           ;
; Total PLLs                    ; 0 / 4 ( 0 % )                                ;
; Total DLLs                    ; 0 / 4 ( 0 % )                                ;
+-------------------------------+----------------------------------------------+


+-----------------------------------------+
; Flow Settings                           ;
+-------------------+---------------------+
; Option            ; Setting             ;
+-------------------+---------------------+
; Start date & time ; 06/05/2011 21:21:05 ;
; Main task         ; Compilation         ;
; Revision Name     ; NeuralNetworks      ;
+-------------------+---------------------+


+------------------------------------------------------------------------------------------------------------------------------------------------------------------------+
; Flow Non-Default Global Settings                                                                                                                                       ;
+------------------------------------+----------------------------------------------------------------------------+----------------+--------------------+----------------+
; Assignment Name                    ; Value                                                                      ; Default Value  ; Entity Name        ; Section Id     ;
+------------------------------------+----------------------------------------------------------------------------+----------------+--------------------+----------------+
; COMPILER_SIGNATURE_ID              ; 35719347425541.130731966500396                                             ; --             ; --                 ; --             ;
; MAX_CORE_JUNCTION_TEMP             ; 100                                                                        ; --             ; --                 ; --             ;
; MIN_CORE_JUNCTION_TEMP             ; -40                                                                        ; --             ; --                 ; --             ;
; MISC_FILE                          ; C:/Users/Notebook/Documents/VHDLProjects/NeuralNetworks/NeuralNetworks.dpf ; --             ; --                 ; --             ;
; NOMINAL_CORE_SUPPLY_VOLTAGE        ; 0.9V                                                                       ; --             ; --                 ; --             ;
; PARTITION_COLOR                    ; 16764057                                                                   ; --             ; ManyNeuralNetworks ; Top            ;
; PARTITION_NETLIST_TYPE             ; SOURCE                                                                     ; --             ; ManyNeuralNetworks ; Top            ;
; TOP_LEVEL_ENTITY                   ; ManyNeuralNetworks                                                         ; NeuralNetworks ; --                 ; --             ;
; USE_GENERATED_PHYSICAL_CONSTRAINTS ; Off                                                                        ; --             ; --                 ; eda_blast_fpga ;
+------------------------------------+----------------------------------------------------------------------------+----------------+--------------------+----------------+


+-------------------------------------------------------------------------------------------------------------------------------+
; Flow Elapsed Time                                                                                                             ;
+---------------------------+--------------+-------------------------+---------------------+------------------------------------+
; Module Name               ; Elapsed Time ; Average Processors Used ; Peak Virtual Memory ; Total CPU Time (on all processors) ;
+---------------------------+--------------+-------------------------+---------------------+------------------------------------+
; Analysis & Synthesis      ; 00:08:48     ; 1.0                     ; 531 MB              ; 00:08:47                           ;
; Fitter                    ; 00:04:52     ; 1.0                     ; 479 MB              ; 00:04:53                           ;
; TimeQuest Timing Analyzer ; 00:01:20     ; 1.0                     ; 390 MB              ; 00:01:15                           ;
; Assembler                 ; 00:00:20     ; 1.0                     ; 327 MB              ; 00:00:18                           ;
; Total                     ; 00:15:00     ; --                      ; --                  ; 00:14:55                           ;
+---------------------------+--------------+-------------------------+---------------------+------------------------------------+


+--------------------------------------------------------------------------------------------+
; Flow OS Summary                                                                            ;
+---------------------------+------------------+---------------+------------+----------------+
; Module Name               ; Machine Hostname ; OS Name       ; OS Version ; Processor type ;
+---------------------------+------------------+---------------+------------+----------------+
; Analysis & Synthesis      ; Notebook-PC      ; Windows Vista ; 6.1        ; i686           ;
; Fitter                    ; Notebook-PC      ; Windows Vista ; 6.1        ; i686           ;
; Assembler                 ; Notebook-PC      ; Windows Vista ; 6.1        ; i686           ;
; TimeQuest Timing Analyzer ; Notebook-PC      ; Windows Vista ; 6.1        ; i686           ;
+---------------------------+------------------+---------------+------------+----------------+


------------
; Flow Log ;
------------
quartus_map --read_settings_files=on --write_settings_files=off NeuralNetworks -c NeuralNetworks
quartus_fit --read_settings_files=off --write_settings_files=off NeuralNetworks -c NeuralNetworks
quartus_asm --read_settings_files=off --write_settings_files=off NeuralNetworks -c NeuralNetworks
quartus_sta NeuralNetworks -c NeuralNetworks



